<?xml version="1.0" encoding="UTF-8"?>
<!-- Generated by org.testng.reporters.JUnitXMLReporter -->
<testsuite ignored="0" hostname="DESKTOP-NQ8HUQ2" failures="0" tests="11" name="testng_mvn" time="1.052" errors="0" timestamp="2022-09-01T19:03:33 IST">
  <testcase classname="Testcases" name="@BeforeTest before" time="0.96">
    <failure type="java.lang.NoSuchMethodError" message="&amp;apos;java.util.stream.Collector com.google.common.collect.ImmutableList.toImmutableList()&amp;apos;">
      <![CDATA[java.lang.NoSuchMethodError: 'java.util.stream.Collector com.google.common.collect.ImmutableList.toImmutableList()'
at org.openqa.selenium.remote.CapabilitiesUtils.makeW3CSafe(CapabilitiesUtils.java:98)
at org.openqa.selenium.remote.CapabilitiesUtils.makeW3CSafe(CapabilitiesUtils.java:70)
at java.base/java.util.stream.ReferencePipeline$7$1.accept(ReferencePipeline.java:273)
at java.base/java.util.Collections$2.tryAdvance(Collections.java:4853)
at java.base/java.util.Collections$2.forEachRemaining(Collections.java:4861)
at java.base/java.util.stream.AbstractPipeline.copyInto(AbstractPipeline.java:509)
at java.base/java.util.stream.AbstractPipeline.wrapAndCopyInto(AbstractPipeline.java:499)
at java.base/java.util.stream.ReduceOps$ReduceOp.evaluateSequential(ReduceOps.java:921)
at java.base/java.util.stream.AbstractPipeline.evaluate(AbstractPipeline.java:234)
at java.base/java.util.stream.ReferencePipeline.collect(ReferencePipeline.java:682)
at org.openqa.selenium.remote.DriverCommand.NEW_SESSION(DriverCommand.java:65)
at org.openqa.selenium.remote.RemoteWebDriver.startSession(RemoteWebDriver.java:246)
at org.openqa.selenium.remote.RemoteWebDriver.<init>(RemoteWebDriver.java:168)
at org.openqa.selenium.chromium.ChromiumDriver.<init>(ChromiumDriver.java:108)
at org.openqa.selenium.chrome.ChromeDriver.<init>(ChromeDriver.java:104)
at org.openqa.selenium.chrome.ChromeDriver.<init>(ChromeDriver.java:91)
at org.openqa.selenium.chrome.ChromeDriver.<init>(ChromeDriver.java:46)
at selenium.helper.startDriver(helper.java:16)
at Testcases.before(Testcases.java:16)
at com.intellij.rt.testng.IDEARemoteTestNG.run(IDEARemoteTestNG.java:66)
at com.intellij.rt.testng.RemoteTestNGStarter.main(RemoteTestNGStarter.java:109)
... Removed 19 stack frames]]>
    </failure>
  </testcase> <!-- @BeforeTest before -->
  <testcase classname="Testcases" name="@AfterTest aftertest" time="0.0">
    <skipped/>
  </testcase> <!-- @AfterTest aftertest -->
  <testcase classname="Testcases" name="Cartadd" time="0.0">
    <skipped/>
  </testcase> <!-- Cartadd -->
  <testcase classname="Testcases" name="Currency" time="0.0">
    <skipped/>
  </testcase> <!-- Currency -->
  <testcase classname="Testcases" name="FilterOut" time="0.0">
    <skipped/>
  </testcase> <!-- FilterOut -->
  <testcase classname="Testcases" name="PinCodeChange" time="0.0">
    <skipped/>
  </testcase> <!-- PinCodeChange -->
  <testcase classname="Testcases" name="PlaceOrder" time="0.0">
    <skipped/>
  </testcase> <!-- PlaceOrder -->
  <testcase classname="Testcases" name="ShopBy" time="0.0">
    <skipped/>
  </testcase> <!-- ShopBy -->
  <testcase classname="Testcases" name="UserLogin" time="0.0">
    <skipped/>
  </testcase> <!-- UserLogin -->
  <testcase classname="Testcases" name="VerifyUrl" time="0.0">
    <skipped/>
  </testcase> <!-- VerifyUrl -->
  <testcase classname="Testcases" name="Wishlist" time="0.0">
    <skipped/>
  </testcase> <!-- Wishlist -->
  <testcase classname="Testcases" name="verifyCheckOutPageTitle" time="0.0">
    <skipped/>
  </testcase> <!-- verifyCheckOutPageTitle -->
  <testcase classname="Testcases" name="verifyHomePageTitle" time="0.0">
    <skipped/>
  </testcase> <!-- verifyHomePageTitle -->
</testsuite> <!-- testng_mvn -->
